<?xml version="1.0" encoding="UTF-8"?>
<!-- Generated by org.testng.reporters.JUnitReportReporter -->
<testsuite skipped="0" hostname="Skillray" name="scripts.Deliveryproduct" tests="1" failures="0" timestamp="2020-04-05T08:06:50 IST" time="32.587" errors="0">
  <testcase name="productdel" time="32.587" classname="scripts.Deliveryproduct"/>
</testsuite> <!-- scripts.Deliveryproduct -->
